<?xml version="1.0" ?>
<testsuites>
    <testsuite errors="0" failures="0" id="0" name="Automacao_RCA" tests="3">
        <testcase classname="Tests.java" name="Tests" time="123.345000"/>
    </testsuite>
</testsuites>